<?xml version="1.0" encoding="UTF-8"?>
<robot generator="Robot 5.0 (Python 3.7.13 on darwin)" generated="20220413 17:34:02.978" rpa="false" schemaversion="3">
<suite id="s1" name="Tests" source="/Users/anastasiiakugach/PycharmProjects/AssessmentSignantHealth/ui_tests/tests.robot">
<test id="s1-t1" name="Register new user" line="12">
<kw name="Open browser on page" library="resource" type="SETUP">
<kw name="Create Webdriver" library="SeleniumLibrary">
<arg>${browser_name}</arg>
<arg>executable_path=${path}/AssessmentSignantHealth/ui_tests/drivers/${browser_name}</arg>
<doc>Creates an instance of Selenium WebDriver.</doc>
<msg timestamp="20220413 17:34:03.109" level="INFO">Creating an instance of the Chrome WebDriver.</msg>
<status status="PASS" starttime="20220413 17:34:03.109" endtime="20220413 17:34:14.661"/>
</kw>
<kw name="Go To" library="SeleniumLibrary">
<arg>${url}</arg>
<doc>Navigates the current browser window to the provided ``url``.</doc>
<msg timestamp="20220413 17:34:14.666" level="INFO">Opening url 'http://0.0.0.0:8080/'</msg>
<status status="PASS" starttime="20220413 17:34:14.665" endtime="20220413 17:34:15.047"/>
</kw>
<status status="PASS" starttime="20220413 17:34:03.109" endtime="20220413 17:34:15.047"/>
</kw>
<kw name="Set suite variables" library="resource">
<kw name="Generate Random String" library="String">
<var>${username}</var>
<arg>8</arg>
<arg>[LETTERS]</arg>
<doc>Generates a string with a desired ``length`` from the given ``chars``.</doc>
<msg timestamp="20220413 17:34:15.048" level="INFO">${username} = bGoPHJPI</msg>
<status status="PASS" starttime="20220413 17:34:15.048" endtime="20220413 17:34:15.048"/>
</kw>
<kw name="Generate Random String" library="String">
<var>${password}</var>
<arg>8</arg>
<arg>[LETTERS]</arg>
<doc>Generates a string with a desired ``length`` from the given ``chars``.</doc>
<msg timestamp="20220413 17:34:15.048" level="INFO">${password} = NQSDPWTr</msg>
<status status="PASS" starttime="20220413 17:34:15.048" endtime="20220413 17:34:15.048"/>
</kw>
<kw name="Generate Random String" library="String">
<var>${first_name}</var>
<arg>8</arg>
<arg>[LETTERS]</arg>
<doc>Generates a string with a desired ``length`` from the given ``chars``.</doc>
<msg timestamp="20220413 17:34:15.048" level="INFO">${first_name} = ihxFOouj</msg>
<status status="PASS" starttime="20220413 17:34:15.048" endtime="20220413 17:34:15.048"/>
</kw>
<kw name="Generate Random String" library="String">
<var>${family_name}</var>
<arg>8</arg>
<arg>[LETTERS]</arg>
<doc>Generates a string with a desired ``length`` from the given ``chars``.</doc>
<msg timestamp="20220413 17:34:15.049" level="INFO">${family_name} = cPOrBftp</msg>
<status status="PASS" starttime="20220413 17:34:15.048" endtime="20220413 17:34:15.049"/>
</kw>
<kw name="Generate Random String" library="String">
<var>${phone}</var>
<arg>8</arg>
<arg>[NUMBERS]</arg>
<doc>Generates a string with a desired ``length`` from the given ``chars``.</doc>
<msg timestamp="20220413 17:34:15.049" level="INFO">${phone} = 38103393</msg>
<status status="PASS" starttime="20220413 17:34:15.049" endtime="20220413 17:34:15.049"/>
</kw>
<kw name="Set Suite Variable" library="BuiltIn">
<arg>${username}</arg>
<doc>Makes a variable available everywhere within the scope of the current suite.</doc>
<msg timestamp="20220413 17:34:15.053" level="INFO">${username} = bGoPHJPI</msg>
<status status="PASS" starttime="20220413 17:34:15.050" endtime="20220413 17:34:15.053"/>
</kw>
<kw name="Set Suite Variable" library="BuiltIn">
<arg>${password}</arg>
<doc>Makes a variable available everywhere within the scope of the current suite.</doc>
<msg timestamp="20220413 17:34:15.053" level="INFO">${password} = NQSDPWTr</msg>
<status status="PASS" starttime="20220413 17:34:15.053" endtime="20220413 17:34:15.053"/>
</kw>
<kw name="Set Suite Variable" library="BuiltIn">
<arg>${first_name}</arg>
<doc>Makes a variable available everywhere within the scope of the current suite.</doc>
<msg timestamp="20220413 17:34:15.054" level="INFO">${first_name} = ihxFOouj</msg>
<status status="PASS" starttime="20220413 17:34:15.054" endtime="20220413 17:34:15.054"/>
</kw>
<kw name="Set Suite Variable" library="BuiltIn">
<arg>${family_name}</arg>
<doc>Makes a variable available everywhere within the scope of the current suite.</doc>
<msg timestamp="20220413 17:34:15.054" level="INFO">${family_name} = cPOrBftp</msg>
<status status="PASS" starttime="20220413 17:34:15.054" endtime="20220413 17:34:15.054"/>
</kw>
<kw name="Set Suite Variable" library="BuiltIn">
<arg>${phone}</arg>
<doc>Makes a variable available everywhere within the scope of the current suite.</doc>
<msg timestamp="20220413 17:34:15.054" level="INFO">${phone} = 38103393</msg>
<status status="PASS" starttime="20220413 17:34:15.054" endtime="20220413 17:34:15.054"/>
</kw>
<status status="PASS" starttime="20220413 17:34:15.047" endtime="20220413 17:34:15.054"/>
</kw>
<kw name="Open Register page" library="RegisterPage">
<kw name="Click Link" library="SeleniumLibrary">
<arg>${Register_Link_locator}</arg>
<doc>Clicks a link identified by ``locator``.</doc>
<msg timestamp="20220413 17:34:15.056" level="INFO">Clicking link 'css:a[href='/register']'.</msg>
<status status="PASS" starttime="20220413 17:34:15.055" endtime="20220413 17:34:15.402"/>
</kw>
<kw name="Title Should Be" library="SeleniumLibrary">
<arg>${Page_Title_register}</arg>
<doc>Verifies that the current page title equals ``title``.</doc>
<msg timestamp="20220413 17:34:15.405" level="INFO">Page title is 'Register - Demo App'.</msg>
<status status="PASS" starttime="20220413 17:34:15.402" endtime="20220413 17:34:15.405"/>
</kw>
<status status="PASS" starttime="20220413 17:34:15.055" endtime="20220413 17:34:15.405"/>
</kw>
<kw name="Fill in Username" library="RegisterPage">
<arg>${username}</arg>
<kw name="Input Text" library="SeleniumLibrary">
<arg>${input_username_locator}</arg>
<arg>${username}</arg>
<doc>Types the given ``text`` into the text field identified by ``locator``.</doc>
<msg timestamp="20220413 17:34:15.406" level="INFO">Typing text 'bGoPHJPI' into text field 'id:username'.</msg>
<status status="PASS" starttime="20220413 17:34:15.406" endtime="20220413 17:34:15.673"/>
</kw>
<status status="PASS" starttime="20220413 17:34:15.405" endtime="20220413 17:34:15.673"/>
</kw>
<kw name="Fill in Password" library="RegisterPage">
<arg>${password}</arg>
<kw name="Input Text" library="SeleniumLibrary">
<arg>${input_password_locator}</arg>
<arg>${password}</arg>
<doc>Types the given ``text`` into the text field identified by ``locator``.</doc>
<msg timestamp="20220413 17:34:15.674" level="INFO">Typing text 'NQSDPWTr' into text field 'id:password'.</msg>
<status status="PASS" starttime="20220413 17:34:15.674" endtime="20220413 17:34:15.742"/>
</kw>
<status status="PASS" starttime="20220413 17:34:15.673" endtime="20220413 17:34:15.742"/>
</kw>
<kw name="Fill in First name" library="RegisterPage">
<arg>${first_name}</arg>
<kw name="Input Text" library="SeleniumLibrary">
<arg>${input_firstname_locator}</arg>
<arg>${first_name}</arg>
<doc>Types the given ``text`` into the text field identified by ``locator``.</doc>
<msg timestamp="20220413 17:34:15.743" level="INFO">Typing text 'ihxFOouj' into text field 'id:firstname'.</msg>
<status status="PASS" starttime="20220413 17:34:15.743" endtime="20220413 17:34:15.796"/>
</kw>
<status status="PASS" starttime="20220413 17:34:15.742" endtime="20220413 17:34:15.796"/>
</kw>
<kw name="Fill in Family name" library="RegisterPage">
<arg>${family_name}</arg>
<kw name="Input Text" library="SeleniumLibrary">
<arg>${input_familyname_locator}</arg>
<arg>${family_name}</arg>
<doc>Types the given ``text`` into the text field identified by ``locator``.</doc>
<msg timestamp="20220413 17:34:15.797" level="INFO">Typing text 'cPOrBftp' into text field 'id:lastname'.</msg>
<status status="PASS" starttime="20220413 17:34:15.796" endtime="20220413 17:34:15.843"/>
</kw>
<status status="PASS" starttime="20220413 17:34:15.796" endtime="20220413 17:34:15.843"/>
</kw>
<kw name="Fill in Phone number" library="RegisterPage">
<arg>${phone}</arg>
<kw name="Input Text" library="SeleniumLibrary">
<arg>${input_phone_locator}</arg>
<arg>${phone}</arg>
<doc>Types the given ``text`` into the text field identified by ``locator``.</doc>
<msg timestamp="20220413 17:34:15.844" level="INFO">Typing text '38103393' into text field 'id:phone'.</msg>
<status status="PASS" starttime="20220413 17:34:15.844" endtime="20220413 17:34:15.890"/>
</kw>
<status status="PASS" starttime="20220413 17:34:15.844" endtime="20220413 17:34:15.891"/>
</kw>
<kw name="Click the button Register" library="RegisterPage">
<kw name="Click Button" library="SeleniumLibrary">
<arg>${btn_Register}</arg>
<doc>Clicks the button identified by ``locator``.</doc>
<msg timestamp="20220413 17:34:15.891" level="INFO">Clicking button 'xpath://input[@value='Register']'.</msg>
<status status="PASS" starttime="20220413 17:34:15.891" endtime="20220413 17:34:16.035"/>
</kw>
<status status="PASS" starttime="20220413 17:34:15.891" endtime="20220413 17:34:16.035"/>
</kw>
<kw name="User login" library="LoginPage">
<arg>${username}</arg>
<arg>${password}</arg>
<kw name="Title Should Be" library="SeleniumLibrary">
<arg>${Page_Title_login}</arg>
<doc>Verifies that the current page title equals ``title``.</doc>
<msg timestamp="20220413 17:34:16.038" level="INFO">Page title is 'Log In - Demo App'.</msg>
<status status="PASS" starttime="20220413 17:34:16.036" endtime="20220413 17:34:16.038"/>
</kw>
<kw name="Input Text" library="SeleniumLibrary">
<arg>${input_username_locator}</arg>
<arg>${username}</arg>
<doc>Types the given ``text`` into the text field identified by ``locator``.</doc>
<msg timestamp="20220413 17:34:16.038" level="INFO">Typing text 'bGoPHJPI' into text field 'id:username'.</msg>
<status status="PASS" starttime="20220413 17:34:16.038" endtime="20220413 17:34:16.090"/>
</kw>
<kw name="Input Text" library="SeleniumLibrary">
<arg>${input_password_locator}</arg>
<arg>${password}</arg>
<doc>Types the given ``text`` into the text field identified by ``locator``.</doc>
<msg timestamp="20220413 17:34:16.091" level="INFO">Typing text 'NQSDPWTr' into text field 'id:password'.</msg>
<status status="PASS" starttime="20220413 17:34:16.090" endtime="20220413 17:34:16.132"/>
</kw>
<kw name="Click Button" library="SeleniumLibrary">
<arg>${btn_submit_locator}</arg>
<doc>Clicks the button identified by ``locator``.</doc>
<msg timestamp="20220413 17:34:16.132" level="INFO">Clicking button 'xpath://input[@type='submit']'.</msg>
<status status="PASS" starttime="20220413 17:34:16.132" endtime="20220413 17:34:16.266"/>
</kw>
<status status="PASS" starttime="20220413 17:34:16.035" endtime="20220413 17:34:16.266"/>
</kw>
<kw name="User Logout" library="LoginPage">
<kw name="Wait Until Element Is Visible" library="SeleniumLibrary">
<arg>${Link_logout_locator}</arg>
<doc>Waits until the element ``locator`` is visible.</doc>
<status status="PASS" starttime="20220413 17:34:16.266" endtime="20220413 17:34:16.296"/>
</kw>
<kw name="Title Should Be" library="SeleniumLibrary">
<arg>${Page_User_info}</arg>
<doc>Verifies that the current page title equals ``title``.</doc>
<msg timestamp="20220413 17:34:16.298" level="INFO">Page title is 'User Information - Demo App'.</msg>
<status status="PASS" starttime="20220413 17:34:16.296" endtime="20220413 17:34:16.298"/>
</kw>
<kw name="Click Link" library="SeleniumLibrary">
<arg>${Link_logout_locator}</arg>
<doc>Clicks a link identified by ``locator``.</doc>
<msg timestamp="20220413 17:34:16.298" level="INFO">Clicking link 'css:a[href='/logout']'.</msg>
<status status="PASS" starttime="20220413 17:34:16.298" endtime="20220413 17:34:16.346"/>
</kw>
<status status="PASS" starttime="20220413 17:34:16.266" endtime="20220413 17:34:16.347"/>
</kw>
<kw name="Close browser session" library="resource" type="TEARDOWN">
<kw name="Close Browser" library="SeleniumLibrary">
<doc>Closes the current browser.</doc>
<status status="PASS" starttime="20220413 17:34:16.347" endtime="20220413 17:34:16.409"/>
</kw>
<status status="PASS" starttime="20220413 17:34:16.347" endtime="20220413 17:34:16.409"/>
</kw>
<status status="PASS" starttime="20220413 17:34:03.108" endtime="20220413 17:34:16.409"/>
</test>
<test id="s1-t2" name="View user information" line="25">
<kw name="Open browser on page" library="resource" type="SETUP">
<kw name="Create Webdriver" library="SeleniumLibrary">
<arg>${browser_name}</arg>
<arg>executable_path=${path}/AssessmentSignantHealth/ui_tests/drivers/${browser_name}</arg>
<doc>Creates an instance of Selenium WebDriver.</doc>
<msg timestamp="20220413 17:34:16.411" level="INFO">Creating an instance of the Chrome WebDriver.</msg>
<status status="PASS" starttime="20220413 17:34:16.410" endtime="20220413 17:34:24.761"/>
</kw>
<kw name="Go To" library="SeleniumLibrary">
<arg>${url}</arg>
<doc>Navigates the current browser window to the provided ``url``.</doc>
<msg timestamp="20220413 17:34:24.761" level="INFO">Opening url 'http://0.0.0.0:8080/'</msg>
<status status="PASS" starttime="20220413 17:34:24.761" endtime="20220413 17:34:24.989"/>
</kw>
<status status="PASS" starttime="20220413 17:34:16.410" endtime="20220413 17:34:24.989"/>
</kw>
<kw name="Open Login Page" library="LoginPage">
<kw name="Click Link" library="SeleniumLibrary">
<arg>${Link_login_locator}</arg>
<doc>Clicks a link identified by ``locator``.</doc>
<msg timestamp="20220413 17:34:24.991" level="INFO">Clicking link 'css:a[href='/login']'.</msg>
<status status="PASS" starttime="20220413 17:34:24.990" endtime="20220413 17:34:25.215"/>
</kw>
<kw name="Title Should Be" library="SeleniumLibrary">
<arg>${Page_Title_login}</arg>
<doc>Verifies that the current page title equals ``title``.</doc>
<msg timestamp="20220413 17:34:25.219" level="INFO">Page title is 'Log In - Demo App'.</msg>
<status status="PASS" starttime="20220413 17:34:25.215" endtime="20220413 17:34:25.219"/>
</kw>
<status status="PASS" starttime="20220413 17:34:24.990" endtime="20220413 17:34:25.219"/>
</kw>
<kw name="User login" library="LoginPage">
<arg>${username}</arg>
<arg>${password}</arg>
<kw name="Title Should Be" library="SeleniumLibrary">
<arg>${Page_Title_login}</arg>
<doc>Verifies that the current page title equals ``title``.</doc>
<msg timestamp="20220413 17:34:25.222" level="INFO">Page title is 'Log In - Demo App'.</msg>
<status status="PASS" starttime="20220413 17:34:25.219" endtime="20220413 17:34:25.222"/>
</kw>
<kw name="Input Text" library="SeleniumLibrary">
<arg>${input_username_locator}</arg>
<arg>${username}</arg>
<doc>Types the given ``text`` into the text field identified by ``locator``.</doc>
<msg timestamp="20220413 17:34:25.222" level="INFO">Typing text 'bGoPHJPI' into text field 'id:username'.</msg>
<status status="PASS" starttime="20220413 17:34:25.222" endtime="20220413 17:34:25.371"/>
</kw>
<kw name="Input Text" library="SeleniumLibrary">
<arg>${input_password_locator}</arg>
<arg>${password}</arg>
<doc>Types the given ``text`` into the text field identified by ``locator``.</doc>
<msg timestamp="20220413 17:34:25.372" level="INFO">Typing text 'NQSDPWTr' into text field 'id:password'.</msg>
<status status="PASS" starttime="20220413 17:34:25.371" endtime="20220413 17:34:25.425"/>
</kw>
<kw name="Click Button" library="SeleniumLibrary">
<arg>${btn_submit_locator}</arg>
<doc>Clicks the button identified by ``locator``.</doc>
<msg timestamp="20220413 17:34:25.426" level="INFO">Clicking button 'xpath://input[@type='submit']'.</msg>
<status status="PASS" starttime="20220413 17:34:25.425" endtime="20220413 17:34:25.581"/>
</kw>
<status status="PASS" starttime="20220413 17:34:25.219" endtime="20220413 17:34:25.581"/>
</kw>
<kw name="Check user info" library="UserInfoPage">
<arg>${username}</arg>
<arg>${password}</arg>
<arg>${first_name}</arg>
<arg>${family_name}</arg>
<arg>${phone}</arg>
<kw name="Page Should Contain" library="SeleniumLibrary">
<arg>${username}</arg>
<doc>Verifies that current page contains ``text``.</doc>
<msg timestamp="20220413 17:34:25.601" level="INFO">Current page contains text 'bGoPHJPI'.</msg>
<status status="PASS" starttime="20220413 17:34:25.581" endtime="20220413 17:34:25.601"/>
</kw>
<kw name="Page Should Not Contain" library="SeleniumLibrary">
<arg>${password}</arg>
<doc>Verifies the current page does not contain ``text``.</doc>
<msg timestamp="20220413 17:34:25.623" level="INFO">Current page does not contain text 'NQSDPWTr'.</msg>
<status status="PASS" starttime="20220413 17:34:25.601" endtime="20220413 17:34:25.623"/>
</kw>
<kw name="Page Should Contain" library="SeleniumLibrary">
<arg>${first_name}</arg>
<doc>Verifies that current page contains ``text``.</doc>
<msg timestamp="20220413 17:34:25.632" level="INFO">Current page contains text 'ihxFOouj'.</msg>
<status status="PASS" starttime="20220413 17:34:25.623" endtime="20220413 17:34:25.632"/>
</kw>
<kw name="Page Should Contain" library="SeleniumLibrary">
<arg>${family_name}</arg>
<doc>Verifies that current page contains ``text``.</doc>
<msg timestamp="20220413 17:34:25.640" level="INFO">Current page contains text 'cPOrBftp'.</msg>
<status status="PASS" starttime="20220413 17:34:25.632" endtime="20220413 17:34:25.640"/>
</kw>
<kw name="Page Should Contain" library="SeleniumLibrary">
<arg>${phone}</arg>
<doc>Verifies that current page contains ``text``.</doc>
<msg timestamp="20220413 17:34:25.648" level="INFO">Current page contains text '38103393'.</msg>
<status status="PASS" starttime="20220413 17:34:25.640" endtime="20220413 17:34:25.648"/>
</kw>
<status status="PASS" starttime="20220413 17:34:25.581" endtime="20220413 17:34:25.648"/>
</kw>
<kw name="User Logout" library="LoginPage">
<kw name="Wait Until Element Is Visible" library="SeleniumLibrary">
<arg>${Link_logout_locator}</arg>
<doc>Waits until the element ``locator`` is visible.</doc>
<status status="PASS" starttime="20220413 17:34:25.648" endtime="20220413 17:34:25.677"/>
</kw>
<kw name="Title Should Be" library="SeleniumLibrary">
<arg>${Page_User_info}</arg>
<doc>Verifies that the current page title equals ``title``.</doc>
<msg timestamp="20220413 17:34:25.679" level="INFO">Page title is 'User Information - Demo App'.</msg>
<status status="PASS" starttime="20220413 17:34:25.677" endtime="20220413 17:34:25.679"/>
</kw>
<kw name="Click Link" library="SeleniumLibrary">
<arg>${Link_logout_locator}</arg>
<doc>Clicks a link identified by ``locator``.</doc>
<msg timestamp="20220413 17:34:25.679" level="INFO">Clicking link 'css:a[href='/logout']'.</msg>
<status status="PASS" starttime="20220413 17:34:25.679" endtime="20220413 17:34:25.743"/>
</kw>
<status status="PASS" starttime="20220413 17:34:25.648" endtime="20220413 17:34:25.744"/>
</kw>
<kw name="Close browser session" library="resource" type="TEARDOWN">
<kw name="Close Browser" library="SeleniumLibrary">
<doc>Closes the current browser.</doc>
<status status="PASS" starttime="20220413 17:34:25.745" endtime="20220413 17:34:25.832"/>
</kw>
<status status="PASS" starttime="20220413 17:34:25.744" endtime="20220413 17:34:25.832"/>
</kw>
<status status="PASS" starttime="20220413 17:34:16.410" endtime="20220413 17:34:25.832"/>
</test>
<status status="PASS" starttime="20220413 17:34:02.979" endtime="20220413 17:34:25.833"/>
</suite>
<statistics>
<total>
<stat pass="2" fail="0" skip="0">All Tests</stat>
</total>
<tag>
</tag>
<suite>
<stat pass="2" fail="0" skip="0" id="s1" name="Tests">Tests</stat>
</suite>
</statistics>
<errors>
</errors>
</robot>
